<?xml version="1.0" encoding="UTF-8" ?>
<testsuite tests="3" failures="0" name="cn.edu.thssdb.index.BPlusTreeTest" time="0.147" errors="0" skipped="0">
  <properties>
    <property name="idea.version" value="2022.1"/>
    <property name="java.runtime.name" value="Java(TM) SE Runtime Environment"/>
    <property name="sun.boot.library.path" value="D:\Software\JDK\jre\bin"/>
    <property name="java.vm.version" value="25.321-b07"/>
    <property name="java.vm.vendor" value="Oracle Corporation"/>
    <property name="maven.multiModuleProjectDirectory" value="D:\CodeCollection\JAVA-Code\DataBase_TeamWork"/>
    <property name="java.vendor.url" value="http://java.oracle.com/"/>
    <property name="path.separator" value=";"/>
    <property name="guice.disable.misplaced.annotation.check" value="true"/>
    <property name="java.vm.name" value="Java HotSpot(TM) 64-Bit Server VM"/>
    <property name="file.encoding.pkg" value="sun.io"/>
    <property name="user.script" value=""/>
    <property name="user.country" value="CN"/>
    <property name="sun.java.launcher" value="SUN_STANDARD"/>
    <property name="sun.os.patch.level" value=""/>
    <property name="java.vm.specification.name" value="Java Virtual Machine Specification"/>
    <property name="user.dir" value="D:\CodeCollection\JAVA-Code\DataBase_TeamWork"/>
    <property name="java.runtime.version" value="1.8.0_321-b07"/>
    <property name="java.awt.graphicsenv" value="sun.awt.Win32GraphicsEnvironment"/>
    <property name="java.endorsed.dirs" value="D:\Software\JDK\jre\lib\endorsed"/>
    <property name="os.arch" value="amd64"/>
    <property name="java.io.tmpdir" value="C:\Users\zbwke\AppData\Local\Temp\"/>
    <property name="line.separator" value="
"/>
    <property name="java.vm.specification.vendor" value="Oracle Corporation"/>
    <property name="user.variant" value=""/>
    <property name="os.name" value="Windows 10"/>
    <property name="maven.ext.class.path" value="D:\Software\IntelliJ IDEA 2022.1\plugins\maven\lib\maven-event-listener.jar"/>
    <property name="classworlds.conf" value="D:\Software\IntelliJ IDEA 2022.1\plugins\maven\lib\maven3\bin\m2.conf"/>
    <property name="sun.jnu.encoding" value="GBK"/>
    <property name="java.library.path" value="D:\Software\JDK\bin;C:\WINDOWS\Sun\Java\bin;C:\WINDOWS\system32;C:\WINDOWS;C:\Program Files (x86)\Common Files\Oracle\Java\javapath;D:\CodeCollection\mingw64\bin\;D:\Software\Git\bin;D:\Software\python39\Scripts;D:\Software\python39\Lib\site-packages\Django-2.2.24-py3.9.egg\django\bin;C:\Windows\System32\WindowsPowerShell\v1.0;C:\WINDOWS\system32;C:\Program Files (x86)\NVIDIA Corporation\PhysX\Common;C:\Program Files\NVIDIA Corporation\NVIDIA NvDLISR;C:\WINDOWS\system32;C:\WINDOWS;C:\WINDOWS\System32\Wbem;C:\WINDOWS\System32\WindowsPowerShell\v1.0\;C:\WINDOWS\System32\OpenSSH\;C:\Program Files\dotnet\;D:\Software\Git LFS;D:\Software\wechat_devtools\脦垄脨脜web驴陋路垄脮脽鹿陇戮脽\dll;D:\Software\Node.js\;D:\Software\JDK\bin;D:\Software\texlive\;D:\CodeCollection\Z3\bin;D:\Software\python39\Scripts\;D:\Software\python39\;C:\Users\zbwke\AppData\Local\Microsoft\WindowsApps;D:\VSCode\Microsoft VS Code\bin;D:\VSCode\mingw64\bin;D:\Qt.5.14.2\Qt\5.14.2\mingw73_64\bin;C:\Users\zbwke\.dotnet\tools;C:\Users\zbwke\AppData\Local\Microsoft\WindowsApps;D:\Software\Microsoft VS Code\bin;;D:\Software\PyCharm\bin;;D:\Software\BandiZip\;D:\Software\PyCharm_Pro\bin;;C:\Users\zbwke\.dotnet\tools;C:\Users\zbwke\AppData\Roaming\npm;."/>
    <property name="maven.conf" value="D:\Software\IntelliJ IDEA 2022.1\plugins\maven\lib\maven3/conf"/>
    <property name="java.specification.name" value="Java Platform API Specification"/>
    <property name="java.class.version" value="52.0"/>
    <property name="sun.management.compiler" value="HotSpot 64-Bit Tiered Compilers"/>
    <property name="os.version" value="10.0"/>
    <property name="user.home" value="C:\Users\zbwke"/>
    <property name="user.timezone" value="GMT+08:00"/>
    <property name="java.awt.printerjob" value="sun.awt.windows.WPrinterJob"/>
    <property name="java.specification.version" value="1.8"/>
    <property name="file.encoding" value="UTF-8"/>
    <property name="user.name" value="zbwke"/>
    <property name="java.class.path" value="D:\Software\IntelliJ IDEA 2022.1\plugins\maven\lib\maven3\boot\plexus-classworlds-2.6.0.jar;D:\Software\IntelliJ IDEA 2022.1\plugins\maven\lib\maven3\boot\plexus-classworlds.license;D:\Software\IntelliJ IDEA 2022.1\lib\idea_rt.jar"/>
    <property name="java.vm.specification.version" value="1.8"/>
    <property name="sun.arch.data.model" value="64"/>
    <property name="java.home" value="D:\Software\JDK\jre"/>
    <property name="sun.java.command" value="org.codehaus.classworlds.Launcher -Didea.version=2022.1 install"/>
    <property name="java.specification.vendor" value="Oracle Corporation"/>
    <property name="user.language" value="zh"/>
    <property name="awt.toolkit" value="sun.awt.windows.WToolkit"/>
    <property name="java.vm.info" value="mixed mode"/>
    <property name="java.version" value="1.8.0_321"/>
    <property name="java.ext.dirs" value="D:\Software\JDK\jre\lib\ext;C:\WINDOWS\Sun\Java\lib\ext"/>
    <property name="sun.boot.class.path" value="D:\Software\JDK\jre\lib\resources.jar;D:\Software\JDK\jre\lib\rt.jar;D:\Software\JDK\jre\lib\sunrsasign.jar;D:\Software\JDK\jre\lib\jsse.jar;D:\Software\JDK\jre\lib\jce.jar;D:\Software\JDK\jre\lib\charsets.jar;D:\Software\JDK\jre\lib\jfr.jar;D:\Software\JDK\jre\classes"/>
    <property name="java.vendor" value="Oracle Corporation"/>
    <property name="maven.home" value="D:\Software\IntelliJ IDEA 2022.1\plugins\maven\lib\maven3"/>
    <property name="file.separator" value="\"/>
    <property name="java.vendor.url.bug" value="http://bugreport.sun.com/bugreport/"/>
    <property name="sun.cpu.endian" value="little"/>
    <property name="sun.io.unicode.encoding" value="UnicodeLittle"/>
    <property name="sun.desktop" value="windows"/>
    <property name="sun.cpu.isalist" value="amd64"/>
  </properties>
  <testcase classname="cn.edu.thssdb.index.BPlusTreeTest" name="testGet" time="0.036"/>
  <testcase classname="cn.edu.thssdb.index.BPlusTreeTest" name="testRemove" time="0.034"/>
  <testcase classname="cn.edu.thssdb.index.BPlusTreeTest" name="testIterator" time="0.077"/>
</testsuite>