<?xml version="1.0" encoding="UTF-8" ?>
<testsuite tests="3" failures="0" name="cn.edu.thssdb.index.BPlusTreeTest" time="0.102" errors="0" skipped="0">
  <properties>
    <property name="idea.version" value="2021.3.3"/>
    <property name="java.runtime.name" value="Java(TM) SE Runtime Environment"/>
    <property name="sun.boot.library.path" value="D:\Java\jdk1.8.0_321\jre\bin"/>
    <property name="java.vm.version" value="25.321-b07"/>
    <property name="java.vm.vendor" value="Oracle Corporation"/>
    <property name="maven.multiModuleProjectDirectory" value="D:\Code\DataBase_TeamWork"/>
    <property name="java.vendor.url" value="http://java.oracle.com/"/>
    <property name="path.separator" value=";"/>
    <property name="guice.disable.misplaced.annotation.check" value="true"/>
    <property name="java.vm.name" value="Java HotSpot(TM) 64-Bit Server VM"/>
    <property name="file.encoding.pkg" value="sun.io"/>
    <property name="user.script" value=""/>
    <property name="user.country" value="CN"/>
    <property name="sun.java.launcher" value="SUN_STANDARD"/>
    <property name="sun.os.patch.level" value=""/>
    <property name="java.vm.specification.name" value="Java Virtual Machine Specification"/>
    <property name="user.dir" value="D:\Code\DataBase_TeamWork"/>
    <property name="java.runtime.version" value="1.8.0_321-b07"/>
    <property name="java.awt.graphicsenv" value="sun.awt.Win32GraphicsEnvironment"/>
    <property name="java.endorsed.dirs" value="D:\Java\jdk1.8.0_321\jre\lib\endorsed"/>
    <property name="os.arch" value="amd64"/>
    <property name="java.io.tmpdir" value="C:\Users\36909\AppData\Local\Temp\"/>
    <property name="line.separator" value="
"/>
    <property name="java.vm.specification.vendor" value="Oracle Corporation"/>
    <property name="user.variant" value=""/>
    <property name="os.name" value="Windows 10"/>
    <property name="maven.ext.class.path" value="D:\IntelliJ IDEA\IntelliJ IDEA Community Edition 2021.3.3\plugins\maven\lib\maven-event-listener.jar"/>
    <property name="classworlds.conf" value="D:\IntelliJ IDEA\IntelliJ IDEA Community Edition 2021.3.3\plugins\maven\lib\maven3\bin\m2.conf"/>
    <property name="sun.jnu.encoding" value="GBK"/>
    <property name="java.library.path" value="D:\Java\jdk1.8.0_321\bin;C:\WINDOWS\Sun\Java\bin;C:\WINDOWS\system32;C:\WINDOWS;C:\Program Files (x86)\Common Files\Oracle\Java\javapath;D:\VMware\bin\;C:\WINDOWS\system32;C:\WINDOWS;C:\WINDOWS\System32\Wbem;C:\WINDOWS\System32\WindowsPowerShell\v1.0\;C:\WINDOWS\System32\OpenSSH\;C:\Users\36909\AppData\Roaming\Microsoft\Windows\Start Menu\Programs\Python 3.9;C:\MinGW\mingw64\bin;D:\QT\5.12.9\mingw73_64\bin;C:\CMake\cmake-3.20.0-windows-x86_64\bin;C:\ProgramData\chocolatey\bin;D:\Python38;D:\Python38\Scripts;D:\Python38\Lib;C:\Users\36909\AppData\Roaming\Python\Python38\Scripts;C:\Program Files\nodejs\;D:\Git\Git\cmd;C:\Program Files\NVIDIA Corporation\Nsight Compute 2020.2.0\;C:\Program Files (x86)\NVIDIA Corporation\PhysX\Common;D:\Matlab\bin;C:\Program Files\NVIDIA Corporation\NVIDIA NvDLISR;C:\Program Files\dotnet\;C:\Program Files (x86)\Pulse Secure\VC142.CRT\X64\;C:\Program Files (x86)\Pulse Secure\VC142.CRT\X86\;C:\Program Files (x86)\Captura\ffmpeg-2021-08-14-git-acd079843b-essentials_build\bin;C:\Program Files\PuTTY\;C:\masm32\bin;C:\Program Files\Pandoc\;D:\Anaconda\Scripts;D:\TexLive\texlive\2021\bin\win32;C:\Program Files\MySQL\MySQL Server 5.7\bin;D:\Java\jdk1.8.0_321\bin;D:\Java\jre1.8.0_321\bin;C:\Users\36909\AppData\Local\Microsoft\WindowsApps;D:\Bandizip\;C:\VS-code\Microsoft VS Code\bin;C:\MinGW;C:\MinGW\mingw64\bin;D:\Python38\Scripts;D:\Python38;D:\Python38\bin;D:\Captura\ffmpeg\ffmpeg-4.3.1\ffmpeg-4.3.1-2020-11-19-essentials_build\bin;C:\Users\36909\AppData\Roaming\Microsoft\Windows\Start Menu\Programs\Python 3.9;D:\Latex\texlive\2020\bin\win32;C:\Users\36909\AppData\Roaming\npm;C:\Program Files (x86)\Nordic Semiconductor\nrf-command-line-tools\bin;C:\Program Files\JetBrains\PyCharm 2021.2.2\bin;;D:\TexLive\texlive\2021\bin\win32;C:\Z3\bin;;D:\IntelliJ IDEA\IntelliJ IDEA Community Edition 2021.3.3\bin;;C:\Users\36909\.dotnet\tools;."/>
    <property name="maven.conf" value="D:\IntelliJ IDEA\IntelliJ IDEA Community Edition 2021.3.3\plugins\maven\lib\maven3/conf"/>
    <property name="java.specification.name" value="Java Platform API Specification"/>
    <property name="java.class.version" value="52.0"/>
    <property name="sun.management.compiler" value="HotSpot 64-Bit Tiered Compilers"/>
    <property name="os.version" value="10.0"/>
    <property name="user.home" value="C:\Users\36909"/>
    <property name="user.timezone" value="Asia/Shanghai"/>
    <property name="java.awt.printerjob" value="sun.awt.windows.WPrinterJob"/>
    <property name="java.specification.version" value="1.8"/>
    <property name="file.encoding" value="UTF-8"/>
    <property name="user.name" value="36909"/>
    <property name="java.class.path" value="D:\IntelliJ IDEA\IntelliJ IDEA Community Edition 2021.3.3\plugins\maven\lib\maven3\boot\plexus-classworlds-2.6.0.jar;D:\IntelliJ IDEA\IntelliJ IDEA Community Edition 2021.3.3\plugins\maven\lib\maven3\boot\plexus-classworlds.license;D:\IntelliJ IDEA\IntelliJ IDEA Community Edition 2021.3.3\lib\idea_rt.jar"/>
    <property name="java.vm.specification.version" value="1.8"/>
    <property name="sun.arch.data.model" value="64"/>
    <property name="java.home" value="D:\Java\jdk1.8.0_321\jre"/>
    <property name="sun.java.command" value="org.codehaus.classworlds.Launcher -Didea.version=2021.3.3 install"/>
    <property name="java.specification.vendor" value="Oracle Corporation"/>
    <property name="user.language" value="zh"/>
    <property name="awt.toolkit" value="sun.awt.windows.WToolkit"/>
    <property name="java.vm.info" value="mixed mode"/>
    <property name="java.version" value="1.8.0_321"/>
    <property name="java.ext.dirs" value="D:\Java\jdk1.8.0_321\jre\lib\ext;C:\WINDOWS\Sun\Java\lib\ext"/>
    <property name="sun.boot.class.path" value="D:\Java\jdk1.8.0_321\jre\lib\resources.jar;D:\Java\jdk1.8.0_321\jre\lib\rt.jar;D:\Java\jdk1.8.0_321\jre\lib\sunrsasign.jar;D:\Java\jdk1.8.0_321\jre\lib\jsse.jar;D:\Java\jdk1.8.0_321\jre\lib\jce.jar;D:\Java\jdk1.8.0_321\jre\lib\charsets.jar;D:\Java\jdk1.8.0_321\jre\lib\jfr.jar;D:\Java\jdk1.8.0_321\jre\classes"/>
    <property name="java.vendor" value="Oracle Corporation"/>
    <property name="maven.home" value="D:\IntelliJ IDEA\IntelliJ IDEA Community Edition 2021.3.3\plugins\maven\lib\maven3"/>
    <property name="file.separator" value="\"/>
    <property name="java.vendor.url.bug" value="http://bugreport.sun.com/bugreport/"/>
    <property name="sun.cpu.endian" value="little"/>
    <property name="sun.io.unicode.encoding" value="UnicodeLittle"/>
    <property name="sun.desktop" value="windows"/>
    <property name="sun.cpu.isalist" value="amd64"/>
  </properties>
  <testcase classname="cn.edu.thssdb.index.BPlusTreeTest" name="testGet" time="0.032"/>
  <testcase classname="cn.edu.thssdb.index.BPlusTreeTest" name="testRemove" time="0.019"/>
  <testcase classname="cn.edu.thssdb.index.BPlusTreeTest" name="testIterator" time="0.051"/>
</testsuite>